<?xml version="1.0" encoding="UTF-8"?>
<testsuite name="PrimeTests" tests="1" skipped="0" failures="0" errors="0" timestamp="2021-03-22T07:37:14" hostname="LAPTOP-U9J27H2A" time="0.009">
  <properties/>
  <testcase name="isPrimeTest" classname="PrimeTests" time="0.009"/>
  <system-out><![CDATA[]]></system-out>
  <system-err><![CDATA[]]></system-err>
</testsuite>
